<?xml version="1.0" encoding="UTF-8"?>
<!-- Generated by org.testng.reporters.JUnitXMLReporter -->
<testsuite hostname="DESKTOP-66Q851S" ignored="0" name="Surefire test" tests="1" failures="0" timestamp="07 mar 2020 15:00:41 GMT" time="3.061" errors="0">
  <testcase name="validate_get_projects_should_return_200_code_and_list_of_projects on validate_get_projects_should_return_200_code_and_list_of_projects(com.binary.mindset.contracts.tests.ContractVerifierIntegrationTest)" time="3.022" classname="com.binary.mindset.contracts.tests.ContractVerifierIntegrationTest"/>
</testsuite> <!-- Surefire test -->
