<?xml version="1.0" encoding="UTF-8"?>
<testng-results skipped="0" failed="0" ignored="0" total="0" passed="0">
  <reporter-output>
  </reporter-output>
  <suite name="com.binary.mindset.contracts.tests.ContractVerifierIntegrationTest" duration-ms="2" started-at="2020-03-07T15:00:37Z" finished-at="2020-03-07T15:00:37Z">
    <groups>
    </groups>
    <test name="Command line test" duration-ms="2" started-at="2020-03-07T15:00:37Z" finished-at="2020-03-07T15:00:37Z">
    </test> <!-- Command line test -->
  </suite> <!-- com.binary.mindset.contracts.tests.ContractVerifierIntegrationTest -->
</testng-results>
